<!DOCTYPE html PUBLIC "-//W3C//DTD XHTML 1.1//EN" "https://www.w3.org/TR/xhtml11/DTD/xhtml11.dtd">
<html xmlns="https://www.w3.org/1999/xhtml">
<head>
<meta http-equiv="content-type" content="text/html; charset=UTF-8"/>
<title>TestNG Report</title>
<style type="text/css">table {margin-bottom:10px;border-collapse:collapse;empty-cells:show}th,td {border:1px solid #009;padding:.25em .5em}th {vertical-align:bottom}td {vertical-align:top}table a {font-weight:bold}.stripe td {background-color: #E6EBF9}.num {text-align:right}.passedodd td {background-color: #3F3}.passedeven td {background-color: #0A0}.skippedodd td {background-color: #DDD}.skippedeven td {background-color: #CCC}.failedodd td,.attn {background-color: #F33}.failedeven td,.stripe .attn {background-color: #D00}.stacktrace {white-space:pre;font-family:monospace}.totop {font-size:85%;text-align:center;border-bottom:2px solid #000}.invisible {display:none}</style>
</head>
<body>
<table>
<tr><th>Test</th><th># Passed</th><th># Skipped</th><th># Retried</th><th># Failed</th><th>Time (ms)</th><th>Included Groups</th><th>Excluded Groups</th></tr>
<tr><th colspan="8">Default suite</th></tr>
<<<<<<< HEAD
<tr><td><a href="#t0">Default test</a></td><td class="num">10</td><td class="num">0</td><td class="num">0</td><td class="num">0</td><td class="num">47,600</td><td></td><td></td></tr>
</table>
<table id='summary'><thead><tr><th>Class</th><th>Method</th><th>Start</th><th>Time (ms)</th></tr></thead><tbody><tr><th colspan="4">Default suite</th></tr></tbody><tbody id="t0"><tr><th colspan="4">Default test &#8212; passed</th></tr><tr class="passedeven"><td rowspan="10">nn.dsalgo.tests.StackTest</td><td><a href="#m0">NavigatetoStackTopics</a></td><td rowspan="3">1756421051862</td><td rowspan="3">2587</td></tr><tr class="passedeven"><td><a href="#m1">NavigatetoStackTopics</a></td></tr><tr class="passedeven"><td><a href="#m2">NavigatetoStackTopics</a></td></tr><tr class="passedeven"><td><a href="#m3">NavigatetoTryEditor</a></td><td rowspan="3">1756421070381</td><td rowspan="3">3903</td></tr><tr class="passedeven"><td><a href="#m4">NavigatetoTryEditor</a></td></tr><tr class="passedeven"><td><a href="#m5">NavigatetoTryEditor</a></td></tr><tr class="passedeven"><td><a href="#m6">getStackpage</a></td><td rowspan="1">1756421044731</td><td rowspan="1">2844</td></tr><tr class="passedeven"><td><a href="#m7">getValidPythonCode</a></td><td rowspan="3">1756421075437</td><td rowspan="3">4351</td></tr><tr class="passedeven"><td><a href="#m8">getValidPythonCode</a></td></tr><tr class="passedeven"><td><a href="#m9">getValidPythonCode</a></td></tr></tbody>
</table>
<h2>Default test</h2><h3 id="m0">nn.dsalgo.tests.StackTest#NavigatetoStackTopics</h3><table class="result"><tr class="param"><th>Parameter #1</th></tr><tr class="param stripe"><td>Implementation</td></tr></table><p class="totop"><a href="#summary">back to summary</a></p>
<h3 id="m1">nn.dsalgo.tests.StackTest#NavigatetoStackTopics</h3><table class="result"><tr class="param"><th>Parameter #1</th></tr><tr class="param stripe"><td>Operations in Stack</td></tr></table><p class="totop"><a href="#summary">back to summary</a></p>
<h3 id="m2">nn.dsalgo.tests.StackTest#NavigatetoStackTopics</h3><table class="result"><tr class="param"><th>Parameter #1</th></tr><tr class="param stripe"><td>Applications</td></tr></table><p class="totop"><a href="#summary">back to summary</a></p>
<h3 id="m3">nn.dsalgo.tests.StackTest#NavigatetoTryEditor</h3><table class="result"><tr class="param"><th>Parameter #1</th></tr><tr class="param stripe"><td>Applications</td></tr></table><p class="totop"><a href="#summary">back to summary</a></p>
<h3 id="m4">nn.dsalgo.tests.StackTest#NavigatetoTryEditor</h3><table class="result"><tr class="param"><th>Parameter #1</th></tr><tr class="param stripe"><td>Implementation</td></tr></table><p class="totop"><a href="#summary">back to summary</a></p>
<h3 id="m5">nn.dsalgo.tests.StackTest#NavigatetoTryEditor</h3><table class="result"><tr class="param"><th>Parameter #1</th></tr><tr class="param stripe"><td>Operations in Stack</td></tr></table><p class="totop"><a href="#summary">back to summary</a></p>
<h3 id="m6">nn.dsalgo.tests.StackTest#getStackpage</h3><table class="result"><tr><th class="invisible"/></tr></table><p class="totop"><a href="#summary">back to summary</a></p>
<h3 id="m7">nn.dsalgo.tests.StackTest#getValidPythonCode</h3><table class="result"><tr class="param"><th>Parameter #1</th></tr><tr class="param stripe"><td>Operations in Stack</td></tr></table><p class="totop"><a href="#summary">back to summary</a></p>
<h3 id="m8">nn.dsalgo.tests.StackTest#getValidPythonCode</h3><table class="result"><tr class="param"><th>Parameter #1</th></tr><tr class="param stripe"><td>Applications</td></tr></table><p class="totop"><a href="#summary">back to summary</a></p>
<h3 id="m9">nn.dsalgo.tests.StackTest#getValidPythonCode</h3><table class="result"><tr class="param"><th>Parameter #1</th></tr><tr class="param stripe"><td>Implementation</td></tr></table><p class="totop"><a href="#summary">back to summary</a></p>
=======
<tr><td><a href="#t0">Default test</a></td><td class="num">9</td><td class="num">0</td><td class="num">0</td><td class="num attn">4</td><td class="num">81,957</td><td></td><td></td></tr>
</table>
<table id='summary'><thead><tr><th>Class</th><th>Method</th><th>Start</th><th>Time (ms)</th></tr></thead><tbody><tr><th colspan="4">Default suite</th></tr></tbody><tbody id="t0"><tr><th colspan="4">Default test &#8212; failed</th></tr><tr class="failedeven"><td rowspan="4">nn.dsalgo.tests.QueueTest</td><td><a href="#m0">InvalidPythoncode</a></td><td rowspan="4">1756410652782</td><td rowspan="4">9044</td></tr><tr class="failedeven"><td><a href="#m1">InvalidPythoncode</a></td></tr><tr class="failedeven"><td><a href="#m2">InvalidPythoncode</a></td></tr><tr class="failedeven"><td><a href="#m3">InvalidPythoncode</a></td></tr><tr><th colspan="4">Default test &#8212; passed</th></tr><tr class="passedeven"><td rowspan="9">nn.dsalgo.tests.QueueTest</td><td><a href="#m4">clicktryhere</a></td><td rowspan="4">1756410603618</td><td rowspan="4">3240</td></tr><tr class="passedeven"><td><a href="#m5">clicktryhere</a></td></tr><tr class="passedeven"><td><a href="#m6">clicktryhere</a></td></tr><tr class="passedeven"><td><a href="#m7">clicktryhere</a></td></tr><tr class="passedeven"><td><a href="#m8">navigatetoQueuetopics</a></td><td rowspan="4">1756410595277</td><td rowspan="4">2765</td></tr><tr class="passedeven"><td><a href="#m9">navigatetoQueuetopics</a></td></tr><tr class="passedeven"><td><a href="#m10">navigatetoQueuetopics</a></td></tr><tr class="passedeven"><td><a href="#m11">navigatetoQueuetopics</a></td></tr><tr class="passedeven"><td><a href="#m12">queuelandingpage</a></td><td rowspan="1">1756410582310</td><td rowspan="1">3712</td></tr></tbody>
</table>
<h2>Default test</h2><h3 id="m0">nn.dsalgo.tests.QueueTest#InvalidPythoncode</h3><table class="result"><tr class="param"><th>Parameter #1</th></tr><tr class="param stripe"><td>Queue operations</td></tr><tr><th>Exception</th></tr><tr><td><div class="stacktrace">org.openqa.selenium.TimeoutException: Expected condition failed: waiting for visibility of element located by By.xpath: //*[@id=&apos;output&apos;] (tried for 5 second(s) with 500 milliseconds interval)
Build info: version: &apos;4.34.0&apos;, revision: &apos;707dcb4246*&apos;
System info: os.name: &apos;Windows 11&apos;, os.arch: &apos;amd64&apos;, os.version: &apos;10.0&apos;, java.version: &apos;17.0.12&apos;
Driver info: org.openqa.selenium.chrome.ChromeDriver
Capabilities {acceptInsecureCerts: false, browserName: chrome, browserVersion: 139.0.7258.66, chrome: {chromedriverVersion: 139.0.7258.154 (9e0d6b2b47f..., userDataDir: C:\Users\preet\AppData\Loca...}, fedcm:accounts: true, goog:chromeOptions: {debuggerAddress: localhost:52625}, networkConnectionEnabled: false, pageLoadStrategy: normal, platformName: windows, proxy: Proxy(), se:cdp: ws://localhost:52625/devtoo..., se:cdpVersion: 139.0.7258.66, setWindowRect: true, strictFileInteractability: false, timeouts: {implicit: 0, pageLoad: 300000, script: 30000}, unhandledPromptBehavior: dismiss and notify, webauthn:extension:credBlob: true, webauthn:extension:largeBlob: true, webauthn:extension:minPinLength: true, webauthn:extension:prf: true, webauthn:virtualAuthenticators: true}
Session ID: 3d155a58c0dc0687229c41304e7cbce9
	at org.openqa.selenium.support.ui.WebDriverWait.timeoutException(WebDriverWait.java:84)
	at org.openqa.selenium.support.ui.FluentWait.until(FluentWait.java:228)
	at nn.dsalgo.utilities.ElementsUtil.waitForElementToBeVisible(ElementsUtil.java:19)
	at nn.dsalgo.utilities.ElementsUtil.doGetText(ElementsUtil.java:26)
	at nn.dsalgo.pages.Queue.getOutputFromConsole(Queue.java:87)
	at nn.dsalgo.tests.QueueTest.InvalidPythoncode(QueueTest.java:120)
	at java.base/jdk.internal.reflect.NativeMethodAccessorImpl.invoke0(Native Method)
	at java.base/jdk.internal.reflect.NativeMethodAccessorImpl.invoke(NativeMethodAccessorImpl.java:77)
	at java.base/jdk.internal.reflect.DelegatingMethodAccessorImpl.invoke(DelegatingMethodAccessorImpl.java:43)
	at java.base/java.lang.reflect.Method.invoke(Method.java:568)
	at org.testng.internal.invokers.MethodInvocationHelper.invokeMethod(MethodInvocationHelper.java:141)
	at org.testng.internal.invokers.TestInvoker.invokeMethod(TestInvoker.java:687)
	at org.testng.internal.invokers.TestInvoker.invokeTestMethod(TestInvoker.java:230)
	at org.testng.internal.invokers.MethodRunner.runInSequence(MethodRunner.java:63)
	at org.testng.internal.invokers.TestInvoker$MethodInvocationAgent.invoke(TestInvoker.java:995)
	at org.testng.internal.invokers.TestInvoker.invokeTestMethods(TestInvoker.java:203)
	at org.testng.internal.invokers.TestMethodWorker.invokeTestMethods(TestMethodWorker.java:154)
	at org.testng.internal.invokers.TestMethodWorker.run(TestMethodWorker.java:134)
	at java.base/java.util.ArrayList.forEach(ArrayList.java:1511)
	at org.testng.TestRunner.privateRun(TestRunner.java:741)
	at org.testng.TestRunner.run(TestRunner.java:616)
	at org.testng.SuiteRunner.runTest(SuiteRunner.java:421)
	at org.testng.SuiteRunner.runSequentially(SuiteRunner.java:413)
	at org.testng.SuiteRunner.privateRun(SuiteRunner.java:373)
	at org.testng.SuiteRunner.run(SuiteRunner.java:312)
	at org.testng.SuiteRunnerWorker.runSuite(SuiteRunnerWorker.java:52)
	at org.testng.SuiteRunnerWorker.run(SuiteRunnerWorker.java:95)
	at org.testng.TestNG.runSuitesSequentially(TestNG.java:1274)
	at org.testng.TestNG.runSuitesLocally(TestNG.java:1208)
	at org.testng.TestNG.runSuites(TestNG.java:1112)
	at org.testng.TestNG.run(TestNG.java:1079)
	at org.testng.remote.AbstractRemoteTestNG.run(AbstractRemoteTestNG.java:115)
	at org.testng.remote.RemoteTestNG.initAndRun(RemoteTestNG.java:293)
	at org.testng.remote.RemoteTestNG.main(RemoteTestNG.java:91)
</div></td></tr></table><p class="totop"><a href="#summary">back to summary</a></p>
<h3 id="m1">nn.dsalgo.tests.QueueTest#InvalidPythoncode</h3><table class="result"><tr class="param"><th>Parameter #1</th></tr><tr class="param stripe"><td>Implementation using collections deque</td></tr><tr><th>Exception</th></tr><tr><td><div class="stacktrace">org.openqa.selenium.TimeoutException: Expected condition failed: waiting for visibility of element located by By.xpath: //*[@id=&apos;output&apos;] (tried for 5 second(s) with 500 milliseconds interval)
Build info: version: &apos;4.34.0&apos;, revision: &apos;707dcb4246*&apos;
System info: os.name: &apos;Windows 11&apos;, os.arch: &apos;amd64&apos;, os.version: &apos;10.0&apos;, java.version: &apos;17.0.12&apos;
Driver info: org.openqa.selenium.chrome.ChromeDriver
Capabilities {acceptInsecureCerts: false, browserName: chrome, browserVersion: 139.0.7258.66, chrome: {chromedriverVersion: 139.0.7258.154 (9e0d6b2b47f..., userDataDir: C:\Users\preet\AppData\Loca...}, fedcm:accounts: true, goog:chromeOptions: {debuggerAddress: localhost:52544}, networkConnectionEnabled: false, pageLoadStrategy: normal, platformName: windows, proxy: Proxy(), se:cdp: ws://localhost:52544/devtoo..., se:cdpVersion: 139.0.7258.66, setWindowRect: true, strictFileInteractability: false, timeouts: {implicit: 0, pageLoad: 300000, script: 30000}, unhandledPromptBehavior: dismiss and notify, webauthn:extension:credBlob: true, webauthn:extension:largeBlob: true, webauthn:extension:minPinLength: true, webauthn:extension:prf: true, webauthn:virtualAuthenticators: true}
Session ID: 97aa11730d5698433c53c4c1997a8003
	at org.openqa.selenium.support.ui.WebDriverWait.timeoutException(WebDriverWait.java:84)
	at org.openqa.selenium.support.ui.FluentWait.until(FluentWait.java:228)
	at nn.dsalgo.utilities.ElementsUtil.waitForElementToBeVisible(ElementsUtil.java:19)
	at nn.dsalgo.utilities.ElementsUtil.doGetText(ElementsUtil.java:26)
	at nn.dsalgo.pages.Queue.getOutputFromConsole(Queue.java:87)
	at nn.dsalgo.tests.QueueTest.InvalidPythoncode(QueueTest.java:120)
	at java.base/jdk.internal.reflect.NativeMethodAccessorImpl.invoke0(Native Method)
	at java.base/jdk.internal.reflect.NativeMethodAccessorImpl.invoke(NativeMethodAccessorImpl.java:77)
	at java.base/jdk.internal.reflect.DelegatingMethodAccessorImpl.invoke(DelegatingMethodAccessorImpl.java:43)
	at java.base/java.lang.reflect.Method.invoke(Method.java:568)
	at org.testng.internal.invokers.MethodInvocationHelper.invokeMethod(MethodInvocationHelper.java:141)
	at org.testng.internal.invokers.TestInvoker.invokeMethod(TestInvoker.java:687)
	at org.testng.internal.invokers.TestInvoker.invokeTestMethod(TestInvoker.java:230)
	at org.testng.internal.invokers.MethodRunner.runInSequence(MethodRunner.java:63)
	at org.testng.internal.invokers.TestInvoker$MethodInvocationAgent.invoke(TestInvoker.java:995)
	at org.testng.internal.invokers.TestInvoker.invokeTestMethods(TestInvoker.java:203)
	at org.testng.internal.invokers.TestMethodWorker.invokeTestMethods(TestMethodWorker.java:154)
	at org.testng.internal.invokers.TestMethodWorker.run(TestMethodWorker.java:134)
	at java.base/java.util.ArrayList.forEach(ArrayList.java:1511)
	at org.testng.TestRunner.privateRun(TestRunner.java:741)
	at org.testng.TestRunner.run(TestRunner.java:616)
	at org.testng.SuiteRunner.runTest(SuiteRunner.java:421)
	at org.testng.SuiteRunner.runSequentially(SuiteRunner.java:413)
	at org.testng.SuiteRunner.privateRun(SuiteRunner.java:373)
	at org.testng.SuiteRunner.run(SuiteRunner.java:312)
	at org.testng.SuiteRunnerWorker.runSuite(SuiteRunnerWorker.java:52)
	at org.testng.SuiteRunnerWorker.run(SuiteRunnerWorker.java:95)
	at org.testng.TestNG.runSuitesSequentially(TestNG.java:1274)
	at org.testng.TestNG.runSuitesLocally(TestNG.java:1208)
	at org.testng.TestNG.runSuites(TestNG.java:1112)
	at org.testng.TestNG.run(TestNG.java:1079)
	at org.testng.remote.AbstractRemoteTestNG.run(AbstractRemoteTestNG.java:115)
	at org.testng.remote.RemoteTestNG.initAndRun(RemoteTestNG.java:293)
	at org.testng.remote.RemoteTestNG.main(RemoteTestNG.java:91)
</div></td></tr></table><p class="totop"><a href="#summary">back to summary</a></p>
<h3 id="m2">nn.dsalgo.tests.QueueTest#InvalidPythoncode</h3><table class="result"><tr class="param"><th>Parameter #1</th></tr><tr class="param stripe"><td>Implementation using Array</td></tr><tr><th>Exception</th></tr><tr><td><div class="stacktrace">org.openqa.selenium.TimeoutException: Expected condition failed: waiting for visibility of element located by By.xpath: //*[@id=&apos;output&apos;] (tried for 5 second(s) with 500 milliseconds interval)
Build info: version: &apos;4.34.0&apos;, revision: &apos;707dcb4246*&apos;
System info: os.name: &apos;Windows 11&apos;, os.arch: &apos;amd64&apos;, os.version: &apos;10.0&apos;, java.version: &apos;17.0.12&apos;
Driver info: org.openqa.selenium.chrome.ChromeDriver
Capabilities {acceptInsecureCerts: false, browserName: chrome, browserVersion: 139.0.7258.66, chrome: {chromedriverVersion: 139.0.7258.154 (9e0d6b2b47f..., userDataDir: C:\Users\preet\AppData\Loca...}, fedcm:accounts: true, goog:chromeOptions: {debuggerAddress: localhost:52587}, networkConnectionEnabled: false, pageLoadStrategy: normal, platformName: windows, proxy: Proxy(), se:cdp: ws://localhost:52587/devtoo..., se:cdpVersion: 139.0.7258.66, setWindowRect: true, strictFileInteractability: false, timeouts: {implicit: 0, pageLoad: 300000, script: 30000}, unhandledPromptBehavior: dismiss and notify, webauthn:extension:credBlob: true, webauthn:extension:largeBlob: true, webauthn:extension:minPinLength: true, webauthn:extension:prf: true, webauthn:virtualAuthenticators: true}
Session ID: 6978d2a74190e27650a49a6d92c67d70
	at org.openqa.selenium.support.ui.WebDriverWait.timeoutException(WebDriverWait.java:84)
	at org.openqa.selenium.support.ui.FluentWait.until(FluentWait.java:228)
	at nn.dsalgo.utilities.ElementsUtil.waitForElementToBeVisible(ElementsUtil.java:19)
	at nn.dsalgo.utilities.ElementsUtil.doGetText(ElementsUtil.java:26)
	at nn.dsalgo.pages.Queue.getOutputFromConsole(Queue.java:87)
	at nn.dsalgo.tests.QueueTest.InvalidPythoncode(QueueTest.java:120)
	at java.base/jdk.internal.reflect.NativeMethodAccessorImpl.invoke0(Native Method)
	at java.base/jdk.internal.reflect.NativeMethodAccessorImpl.invoke(NativeMethodAccessorImpl.java:77)
	at java.base/jdk.internal.reflect.DelegatingMethodAccessorImpl.invoke(DelegatingMethodAccessorImpl.java:43)
	at java.base/java.lang.reflect.Method.invoke(Method.java:568)
	at org.testng.internal.invokers.MethodInvocationHelper.invokeMethod(MethodInvocationHelper.java:141)
	at org.testng.internal.invokers.TestInvoker.invokeMethod(TestInvoker.java:687)
	at org.testng.internal.invokers.TestInvoker.invokeTestMethod(TestInvoker.java:230)
	at org.testng.internal.invokers.MethodRunner.runInSequence(MethodRunner.java:63)
	at org.testng.internal.invokers.TestInvoker$MethodInvocationAgent.invoke(TestInvoker.java:995)
	at org.testng.internal.invokers.TestInvoker.invokeTestMethods(TestInvoker.java:203)
	at org.testng.internal.invokers.TestMethodWorker.invokeTestMethods(TestMethodWorker.java:154)
	at org.testng.internal.invokers.TestMethodWorker.run(TestMethodWorker.java:134)
	at java.base/java.util.ArrayList.forEach(ArrayList.java:1511)
	at org.testng.TestRunner.privateRun(TestRunner.java:741)
	at org.testng.TestRunner.run(TestRunner.java:616)
	at org.testng.SuiteRunner.runTest(SuiteRunner.java:421)
	at org.testng.SuiteRunner.runSequentially(SuiteRunner.java:413)
	at org.testng.SuiteRunner.privateRun(SuiteRunner.java:373)
	at org.testng.SuiteRunner.run(SuiteRunner.java:312)
	at org.testng.SuiteRunnerWorker.runSuite(SuiteRunnerWorker.java:52)
	at org.testng.SuiteRunnerWorker.run(SuiteRunnerWorker.java:95)
	at org.testng.TestNG.runSuitesSequentially(TestNG.java:1274)
	at org.testng.TestNG.runSuitesLocally(TestNG.java:1208)
	at org.testng.TestNG.runSuites(TestNG.java:1112)
	at org.testng.TestNG.run(TestNG.java:1079)
	at org.testng.remote.AbstractRemoteTestNG.run(AbstractRemoteTestNG.java:115)
	at org.testng.remote.RemoteTestNG.initAndRun(RemoteTestNG.java:293)
	at org.testng.remote.RemoteTestNG.main(RemoteTestNG.java:91)
</div></td></tr></table><p class="totop"><a href="#summary">back to summary</a></p>
<h3 id="m3">nn.dsalgo.tests.QueueTest#InvalidPythoncode</h3><table class="result"><tr class="param"><th>Parameter #1</th></tr><tr class="param stripe"><td>Implementation of Queue in python</td></tr><tr><th>Exception</th></tr><tr><td><div class="stacktrace">org.openqa.selenium.TimeoutException: Expected condition failed: waiting for visibility of element located by By.xpath: //*[@id=&apos;output&apos;] (tried for 5 second(s) with 500 milliseconds interval)
Build info: version: &apos;4.34.0&apos;, revision: &apos;707dcb4246*&apos;
System info: os.name: &apos;Windows 11&apos;, os.arch: &apos;amd64&apos;, os.version: &apos;10.0&apos;, java.version: &apos;17.0.12&apos;
Driver info: org.openqa.selenium.chrome.ChromeDriver
Capabilities {acceptInsecureCerts: false, browserName: chrome, browserVersion: 139.0.7258.66, chrome: {chromedriverVersion: 139.0.7258.154 (9e0d6b2b47f..., userDataDir: C:\Users\preet\AppData\Loca...}, fedcm:accounts: true, goog:chromeOptions: {debuggerAddress: localhost:52506}, networkConnectionEnabled: false, pageLoadStrategy: normal, platformName: windows, proxy: Proxy(), se:cdp: ws://localhost:52506/devtoo..., se:cdpVersion: 139.0.7258.66, setWindowRect: true, strictFileInteractability: false, timeouts: {implicit: 0, pageLoad: 300000, script: 30000}, unhandledPromptBehavior: dismiss and notify, webauthn:extension:credBlob: true, webauthn:extension:largeBlob: true, webauthn:extension:minPinLength: true, webauthn:extension:prf: true, webauthn:virtualAuthenticators: true}
Session ID: 7dffcb13e96894e99b2733cbbefd494a
	at org.openqa.selenium.support.ui.WebDriverWait.timeoutException(WebDriverWait.java:84)
	at org.openqa.selenium.support.ui.FluentWait.until(FluentWait.java:228)
	at nn.dsalgo.utilities.ElementsUtil.waitForElementToBeVisible(ElementsUtil.java:19)
	at nn.dsalgo.utilities.ElementsUtil.doGetText(ElementsUtil.java:26)
	at nn.dsalgo.pages.Queue.getOutputFromConsole(Queue.java:87)
	at nn.dsalgo.tests.QueueTest.InvalidPythoncode(QueueTest.java:120)
	at java.base/jdk.internal.reflect.NativeMethodAccessorImpl.invoke0(Native Method)
	at java.base/jdk.internal.reflect.NativeMethodAccessorImpl.invoke(NativeMethodAccessorImpl.java:77)
	at java.base/jdk.internal.reflect.DelegatingMethodAccessorImpl.invoke(DelegatingMethodAccessorImpl.java:43)
	at java.base/java.lang.reflect.Method.invoke(Method.java:568)
	at org.testng.internal.invokers.MethodInvocationHelper.invokeMethod(MethodInvocationHelper.java:141)
	at org.testng.internal.invokers.TestInvoker.invokeMethod(TestInvoker.java:687)
	at org.testng.internal.invokers.TestInvoker.invokeTestMethod(TestInvoker.java:230)
	at org.testng.internal.invokers.MethodRunner.runInSequence(MethodRunner.java:63)
	at org.testng.internal.invokers.TestInvoker$MethodInvocationAgent.invoke(TestInvoker.java:995)
	at org.testng.internal.invokers.TestInvoker.invokeTestMethods(TestInvoker.java:203)
	at org.testng.internal.invokers.TestMethodWorker.invokeTestMethods(TestMethodWorker.java:154)
	at org.testng.internal.invokers.TestMethodWorker.run(TestMethodWorker.java:134)
	at java.base/java.util.ArrayList.forEach(ArrayList.java:1511)
	at org.testng.TestRunner.privateRun(TestRunner.java:741)
	at org.testng.TestRunner.run(TestRunner.java:616)
	at org.testng.SuiteRunner.runTest(SuiteRunner.java:421)
	at org.testng.SuiteRunner.runSequentially(SuiteRunner.java:413)
	at org.testng.SuiteRunner.privateRun(SuiteRunner.java:373)
	at org.testng.SuiteRunner.run(SuiteRunner.java:312)
	at org.testng.SuiteRunnerWorker.runSuite(SuiteRunnerWorker.java:52)
	at org.testng.SuiteRunnerWorker.run(SuiteRunnerWorker.java:95)
	at org.testng.TestNG.runSuitesSequentially(TestNG.java:1274)
	at org.testng.TestNG.runSuitesLocally(TestNG.java:1208)
	at org.testng.TestNG.runSuites(TestNG.java:1112)
	at org.testng.TestNG.run(TestNG.java:1079)
	at org.testng.remote.AbstractRemoteTestNG.run(AbstractRemoteTestNG.java:115)
	at org.testng.remote.RemoteTestNG.initAndRun(RemoteTestNG.java:293)
	at org.testng.remote.RemoteTestNG.main(RemoteTestNG.java:91)
</div></td></tr></table><p class="totop"><a href="#summary">back to summary</a></p>
<h3 id="m4">nn.dsalgo.tests.QueueTest#clicktryhere</h3><table class="result"><tr class="param"><th>Parameter #1</th></tr><tr class="param stripe"><td>Implementation of Queue in python</td></tr></table><p class="totop"><a href="#summary">back to summary</a></p>
<h3 id="m5">nn.dsalgo.tests.QueueTest#clicktryhere</h3><table class="result"><tr class="param"><th>Parameter #1</th></tr><tr class="param stripe"><td>Implementation using Array</td></tr></table><p class="totop"><a href="#summary">back to summary</a></p>
<h3 id="m6">nn.dsalgo.tests.QueueTest#clicktryhere</h3><table class="result"><tr class="param"><th>Parameter #1</th></tr><tr class="param stripe"><td>Queue operations</td></tr></table><p class="totop"><a href="#summary">back to summary</a></p>
<h3 id="m7">nn.dsalgo.tests.QueueTest#clicktryhere</h3><table class="result"><tr class="param"><th>Parameter #1</th></tr><tr class="param stripe"><td>Implementation using collections deque</td></tr></table><p class="totop"><a href="#summary">back to summary</a></p>
<h3 id="m8">nn.dsalgo.tests.QueueTest#navigatetoQueuetopics</h3><table class="result"><tr class="param"><th>Parameter #1</th></tr><tr class="param stripe"><td>Implementation using Array</td></tr></table><p class="totop"><a href="#summary">back to summary</a></p>
<h3 id="m9">nn.dsalgo.tests.QueueTest#navigatetoQueuetopics</h3><table class="result"><tr class="param"><th>Parameter #1</th></tr><tr class="param stripe"><td>Queue operations</td></tr></table><p class="totop"><a href="#summary">back to summary</a></p>
<h3 id="m10">nn.dsalgo.tests.QueueTest#navigatetoQueuetopics</h3><table class="result"><tr class="param"><th>Parameter #1</th></tr><tr class="param stripe"><td>Implementation using collections deque</td></tr></table><p class="totop"><a href="#summary">back to summary</a></p>
<h3 id="m11">nn.dsalgo.tests.QueueTest#navigatetoQueuetopics</h3><table class="result"><tr class="param"><th>Parameter #1</th></tr><tr class="param stripe"><td>Implementation of Queue in python</td></tr></table><p class="totop"><a href="#summary">back to summary</a></p>
<h3 id="m12">nn.dsalgo.tests.QueueTest#queuelandingpage</h3><table class="result"><tr><th class="invisible"/></tr></table><p class="totop"><a href="#summary">back to summary</a></p>
>>>>>>> eb6895ccf752b390805167c5b5c5a54313e92eda
</body>
</html>
