<?xml version="1.0" encoding="UTF-8"?>
<!-- Generated by org.testng.reporters.JUnitReportReporter -->
<testsuite hostname="DESKTOP-PQ91UE8" failures="1" tests="33" name="nn.dsalgo.tests.HomeTest" time="103.433" errors="0" timestamp="2025-08-30T19:20:07 EDT" skipped="2">
  <testcase classname="nn.dsalgo.tests.HomeTest" name="ClickGetStartedModulesAfterSignIn" time="3.615"/>
  <testcase classname="nn.dsalgo.tests.HomeTest" name="ClickGetStartedModulesWithoutSignIn" time="2.615"/>
  <testcase classname="nn.dsalgo.tests.HomeTest" name="ClickGetStartedModulesFromDrpdownAfterSignIn" time="3.819"/>
  <testcase classname="nn.dsalgo.tests.HomeTest" name="ClickGetStartedModulesAfterSignIn" time="4.075"/>
  <testcase classname="nn.dsalgo.tests.HomeTest" name="ClickGetStartedModulesFromDrpdownAfterSignIn" time="3.681"/>
  <testcase classname="nn.dsalgo.tests.HomeTest" name="ClickGetStartedModulesFromDrpdownWithoutSignIn" time="2.723"/>
  <testcase classname="nn.dsalgo.tests.HomeTest" name="ClickGetStartedModulesAfterSignIn" time="3.658"/>
  <testcase classname="nn.dsalgo.tests.HomeTest" name="VerifyIncorrectPageTitle" time="2.560">
    <failure message="Condition failed: expected true but got false." type="java.lang.AssertionError">
      <![CDATA[java.lang.AssertionError: Condition failed: expected true but got false.
at org.testng.Assert.fail(Assert.java:111)
at nn.dsalgo.tests.HomeTest.VerifyIncorrectPageTitle(HomeTest.java:220)
at java.base/jdk.internal.reflect.DirectMethodHandleAccessor.invoke(DirectMethodHandleAccessor.java:103)
at java.base/java.lang.reflect.Method.invoke(Method.java:580)
at org.testng.internal.invokers.MethodInvocationHelper.invokeMethod(MethodInvocationHelper.java:141)
at org.testng.internal.invokers.TestInvoker.invokeMethod(TestInvoker.java:687)
at org.testng.internal.invokers.TestInvoker.retryFailed(TestInvoker.java:269)
at org.testng.internal.invokers.MethodRunner.runInSequence(MethodRunner.java:76)
at org.testng.internal.invokers.TestInvoker$MethodInvocationAgent.invoke(TestInvoker.java:995)
at org.testng.internal.invokers.TestInvoker.invokeTestMethods(TestInvoker.java:203)
at org.testng.internal.invokers.TestMethodWorker.invokeTestMethods(TestMethodWorker.java:154)
at org.testng.internal.invokers.TestMethodWorker.run(TestMethodWorker.java:134)
at java.base/java.util.ArrayList.forEach(ArrayList.java:1596)
at org.testng.TestRunner.privateRun(TestRunner.java:741)
at org.testng.TestRunner.run(TestRunner.java:616)
at org.testng.SuiteRunner.runTest(SuiteRunner.java:421)
at org.testng.SuiteRunner$SuiteWorker.run(SuiteRunner.java:463)
at org.testng.internal.thread.ThreadUtil.lambda$execute$0(ThreadUtil.java:64)
at java.base/java.util.concurrent.FutureTask.run(FutureTask.java:317)
at java.base/java.util.concurrent.ThreadPoolExecutor.runWorker(ThreadPoolExecutor.java:1144)
at java.base/java.util.concurrent.ThreadPoolExecutor$Worker.run(ThreadPoolExecutor.java:642)
at java.base/java.lang.Thread.run(Thread.java:1583)
]]>
    </failure>
  </testcase> <!-- VerifyIncorrectPageTitle -->
  <testcase classname="nn.dsalgo.tests.HomeTest" name="VerifyRegisterButton" time="2.665"/>
  <testcase classname="nn.dsalgo.tests.HomeTest" name="ClickGetStartedModulesWithoutSignIn" time="2.649"/>
  <testcase classname="nn.dsalgo.tests.HomeTest" name="ClickGetStartedModulesWithoutSignIn" time="2.729"/>
  <testcase classname="nn.dsalgo.tests.HomeTest" name="ClickGetStartedModulesWithoutSignIn" time="2.608"/>
  <testcase classname="nn.dsalgo.tests.HomeTest" name="ClickGetStartedModulesAfterSignIn" time="3.682"/>
  <testcase classname="nn.dsalgo.tests.HomeTest" name="ClickGetStartedModulesWithoutSignIn" time="2.664"/>
  <testcase classname="nn.dsalgo.tests.HomeTest" name="VerifyIncorrectPageTitle" time="2.418">
    <skipped/>
  </testcase> <!-- VerifyIncorrectPageTitle -->
  <testcase classname="nn.dsalgo.tests.HomeTest" name="ClickGetStartedModulesAfterSignIn" time="3.715"/>
  <testcase classname="nn.dsalgo.tests.HomeTest" name="ClickGetStartedModulesFromDrpdownWithoutSignIn" time="2.828"/>
  <testcase classname="nn.dsalgo.tests.HomeTest" name="VerifyIncorrectPageTitle" time="2.433">
    <skipped/>
  </testcase> <!-- VerifyIncorrectPageTitle -->
  <testcase classname="nn.dsalgo.tests.HomeTest" name="ClickGetStartedModulesFromDrpdownAfterSignIn" time="3.804"/>
  <testcase classname="nn.dsalgo.tests.HomeTest" name="ClickGetStartedModulesFromDrpdownWithoutSignIn" time="2.917"/>
  <testcase classname="nn.dsalgo.tests.HomeTest" name="ClickGetStartedModulesFromDrpdownAfterSignIn" time="3.766"/>
  <testcase classname="nn.dsalgo.tests.HomeTest" name="VerifySignInButton" time="2.644"/>
  <testcase classname="nn.dsalgo.tests.HomeTest" name="ClickGetStartedModulesFromDrpdownAfterSignIn" time="3.661"/>
  <testcase classname="nn.dsalgo.tests.HomeTest" name="SuccesfulSignout" time="3.685"/>
  <testcase classname="nn.dsalgo.tests.HomeTest" name="ClickGetStartedModulesWithoutSignIn" time="2.629"/>
  <testcase classname="nn.dsalgo.tests.HomeTest" name="ClickGetStartedModulesWithoutSignIn" time="3.106"/>
  <testcase classname="nn.dsalgo.tests.HomeTest" name="ClickGetStartedModulesFromDrpdownAfterSignIn" time="3.520"/>
  <testcase classname="nn.dsalgo.tests.HomeTest" name="ClickGetStartedModulesFromDrpdownWithoutSignIn" time="2.826"/>
  <testcase classname="nn.dsalgo.tests.HomeTest" name="ClickGetStartedModulesFromDrpdownWithoutSignIn" time="2.739"/>
  <testcase classname="nn.dsalgo.tests.HomeTest" name="HomePageVerifyTitle" time="2.518"/>
  <testcase classname="nn.dsalgo.tests.HomeTest" name="ClickGetStartedModulesAfterSignIn" time="4.024"/>
  <testcase classname="nn.dsalgo.tests.HomeTest" name="ClickGetStartedModulesAfterSignIn" time="3.701"/>
  <testcase classname="nn.dsalgo.tests.HomeTest" name="ClickGetStartedModulesFromDrpdownWithoutSignIn" time="2.756"/>
</testsuite> <!-- nn.dsalgo.tests.HomeTest -->
