<?xml version="1.0" encoding="UTF-8"?>
<!-- Generated by org.testng.reporters.JUnitXMLReporter -->
<testsuite ignored="0" hostname="DESKTOP-PQ91UE8" failures="1" tests="33" name="ChromeTest" time="104.076" errors="0" timestamp="2025-08-30T19:20:06 EDT">
  <testcase classname="nn.dsalgo.tests.HomeTest" name="ClickGetStartedModulesAfterSignIn" time="2.223"/>
  <testcase classname="nn.dsalgo.tests.HomeTest" name="ClickGetStartedModulesAfterSignIn" time="1.782"/>
  <testcase classname="nn.dsalgo.tests.HomeTest" name="ClickGetStartedModulesAfterSignIn" time="2.077"/>
  <testcase classname="nn.dsalgo.tests.HomeTest" name="ClickGetStartedModulesAfterSignIn" time="1.813"/>
  <testcase classname="nn.dsalgo.tests.HomeTest" name="ClickGetStartedModulesAfterSignIn" time="1.871"/>
  <testcase classname="nn.dsalgo.tests.HomeTest" name="ClickGetStartedModulesAfterSignIn" time="1.718"/>
  <testcase classname="nn.dsalgo.tests.HomeTest" name="ClickGetStartedModulesAfterSignIn" time="1.839"/>
  <testcase classname="nn.dsalgo.tests.HomeTest" name="ClickGetStartedModulesFromDrpdownAfterSignIn" time="1.786"/>
  <testcase classname="nn.dsalgo.tests.HomeTest" name="ClickGetStartedModulesFromDrpdownAfterSignIn" time="1.782"/>
  <testcase classname="nn.dsalgo.tests.HomeTest" name="ClickGetStartedModulesFromDrpdownAfterSignIn" time="1.977"/>
  <testcase classname="nn.dsalgo.tests.HomeTest" name="ClickGetStartedModulesFromDrpdownAfterSignIn" time="1.917"/>
  <testcase classname="nn.dsalgo.tests.HomeTest" name="ClickGetStartedModulesFromDrpdownAfterSignIn" time="1.913"/>
  <testcase classname="nn.dsalgo.tests.HomeTest" name="ClickGetStartedModulesFromDrpdownAfterSignIn" time="1.69"/>
  <testcase classname="nn.dsalgo.tests.HomeTest" name="ClickGetStartedModulesFromDrpdownWithoutSignIn" time="0.988"/>
  <testcase classname="nn.dsalgo.tests.HomeTest" name="ClickGetStartedModulesFromDrpdownWithoutSignIn" time="0.888"/>
  <testcase classname="nn.dsalgo.tests.HomeTest" name="ClickGetStartedModulesFromDrpdownWithoutSignIn" time="1.054"/>
  <testcase classname="nn.dsalgo.tests.HomeTest" name="ClickGetStartedModulesFromDrpdownWithoutSignIn" time="0.88"/>
  <testcase classname="nn.dsalgo.tests.HomeTest" name="ClickGetStartedModulesFromDrpdownWithoutSignIn" time="0.927"/>
  <testcase classname="nn.dsalgo.tests.HomeTest" name="ClickGetStartedModulesFromDrpdownWithoutSignIn" time="0.909"/>
  <testcase classname="nn.dsalgo.tests.HomeTest" name="ClickGetStartedModulesWithoutSignIn" time="0.872"/>
  <testcase classname="nn.dsalgo.tests.HomeTest" name="ClickGetStartedModulesWithoutSignIn" time="0.784"/>
  <testcase classname="nn.dsalgo.tests.HomeTest" name="ClickGetStartedModulesWithoutSignIn" time="0.758"/>
  <testcase classname="nn.dsalgo.tests.HomeTest" name="ClickGetStartedModulesWithoutSignIn" time="0.744"/>
  <testcase classname="nn.dsalgo.tests.HomeTest" name="ClickGetStartedModulesWithoutSignIn" time="0.757"/>
  <testcase classname="nn.dsalgo.tests.HomeTest" name="ClickGetStartedModulesWithoutSignIn" time="0.898"/>
  <testcase classname="nn.dsalgo.tests.HomeTest" name="ClickGetStartedModulesWithoutSignIn" time="0.762"/>
  <testcase classname="nn.dsalgo.tests.HomeTest" name="HomePageVerifyTitle" time="0.645"/>
  <testcase classname="nn.dsalgo.tests.HomeTest" name="SuccesfulSignout" time="1.839"/>
  <testcase classname="nn.dsalgo.tests.HomeTest" name="VerifyIncorrectPageTitle" time="0.579">
    <skipped/>
  </testcase> <!-- VerifyIncorrectPageTitle -->
  <testcase classname="nn.dsalgo.tests.HomeTest" name="VerifyIncorrectPageTitle" time="0.56">
    <skipped/>
  </testcase> <!-- VerifyIncorrectPageTitle -->
  <testcase classname="nn.dsalgo.tests.HomeTest" name="VerifyIncorrectPageTitle" time="0.625">
    <failure type="java.lang.AssertionError" message="Condition failed: expected true but got false.">
      <![CDATA[java.lang.AssertionError: Condition failed: expected true but got false.
at nn.dsalgo.tests.HomeTest.VerifyIncorrectPageTitle(HomeTest.java:220)
at java.base/java.util.ArrayList.forEach(ArrayList.java:1596)
at java.base/java.util.concurrent.FutureTask.run(FutureTask.java:317)
at java.base/java.util.concurrent.ThreadPoolExecutor.runWorker(ThreadPoolExecutor.java:1144)
at java.base/java.util.concurrent.ThreadPoolExecutor$Worker.run(ThreadPoolExecutor.java:642)
at java.base/java.lang.Thread.run(Thread.java:1583)
... Removed 16 stack frames]]>
    </failure>
  </testcase> <!-- VerifyIncorrectPageTitle -->
  <testcase classname="nn.dsalgo.tests.HomeTest" name="VerifyRegisterButton" time="0.847"/>
  <testcase classname="nn.dsalgo.tests.HomeTest" name="VerifySignInButton" time="0.792"/>
</testsuite> <!-- ChromeTest -->
