<?xml version="1.0" encoding="UTF-8"?>
<!-- Generated by org.testng.reporters.JUnitXMLReporter -->
<testsuite ignored="0" hostname="PRASANNA" failures="3" tests="35" name="FirefoxTest" time="241.583" errors="0" timestamp="2025-08-30T18:41:16 EDT">
  <testcase classname="nn.dsalgo.tests.RegisterTest" name="ClickLoginfromRegisterPage" time="1.235"/>
  <testcase classname="nn.dsalgo.tests.RegisterTest" name="RegisterScenarios" time="1.346"/>
  <testcase classname="nn.dsalgo.tests.RegisterTest" name="RegisterScenarios" time="1.26"/>
  <testcase classname="nn.dsalgo.tests.RegisterTest" name="RegisterScenarios" time="1.344"/>
  <testcase classname="nn.dsalgo.tests.RegisterTest" name="RegisterScenarios" time="1.746"/>
  <testcase classname="nn.dsalgo.tests.RegisterTest" name="RegisterScenarios" time="1.455"/>
  <testcase classname="nn.dsalgo.tests.RegisterTest" name="RegisterScenarios" time="1.65">
    <skipped/>
  </testcase> <!-- RegisterScenarios -->
  <testcase classname="nn.dsalgo.tests.RegisterTest" name="RegisterScenarios" time="1.474">
    <skipped/>
  </testcase> <!-- RegisterScenarios -->
  <testcase classname="nn.dsalgo.tests.RegisterTest" name="RegisterScenarios" time="1.705">
    <failure type="org.openqa.selenium.NoSuchElementException" message="Unable to locate element: //div[contains(@class,&amp;apos;alert&amp;apos;) and contains(text(),&amp;apos;New Account Created&amp;apos;)]
For documentation on this error, please visit: https://www.selenium.dev/documentation/webdriver/troubleshooting/errors#no-such-element-exception
Build info: version: &amp;apos;4.34.0&amp;apos;, revision: &amp;apos;707dcb4246*&amp;apos;
System info: os.name: &amp;apos;Windows 11&amp;apos;, os.arch: &amp;apos;amd64&amp;apos;, os.version: &amp;apos;10.0&amp;apos;, java.version: &amp;apos;21.0.8&amp;apos;
Driver info: org.openqa.selenium.firefox.FirefoxDriver
Command: [af1905a6-e103-4ebe-8cf4-55fdaf02db58, findElement {value=//div[contains(@class,&amp;apos;alert&amp;apos;) and contains(text(),&amp;apos;New Account Created&amp;apos;)], using=xpath}]
Capabilities {acceptInsecureCerts: true, browserName: firefox, browserVersion: 142.0.1, moz:accessibilityChecks: false, moz:buildID: 20250827004350, moz:geckodriverVersion: 0.36.0, moz:headless: false, moz:platformVersion: 10.0, moz:processID: 22972, moz:profile: C:\Users\prasa\AppData\Loca..., moz:shutdownTimeout: 60000, moz:webdriverClick: true, moz:windowless: false, pageLoadStrategy: normal, platformName: windows, proxy: Proxy(), setWindowRect: true, strictFileInteractability: false, timeouts: {implicit: 0, pageLoad: 300000, script: 30000}, unhandledPromptBehavior: dismiss and notify, userAgent: Mozilla/5.0 (Windows NT 10....}
Session ID: af1905a6-e103-4ebe-8cf4-55fdaf02db58">
      <![CDATA[org.openqa.selenium.NoSuchElementException: Unable to locate element: //div[contains(@class,'alert') and contains(text(),'New Account Created')]
For documentation on this error, please visit: https://www.selenium.dev/documentation/webdriver/troubleshooting/errors#no-such-element-exception
Build info: version: '4.34.0', revision: '707dcb4246*'
System info: os.name: 'Windows 11', os.arch: 'amd64', os.version: '10.0', java.version: '21.0.8'
Driver info: org.openqa.selenium.firefox.FirefoxDriver
Command: [af1905a6-e103-4ebe-8cf4-55fdaf02db58, findElement {value=//div[contains(@class,'alert') and contains(text(),'New Account Created')], using=xpath}]
Capabilities {acceptInsecureCerts: true, browserName: firefox, browserVersion: 142.0.1, moz:accessibilityChecks: false, moz:buildID: 20250827004350, moz:geckodriverVersion: 0.36.0, moz:headless: false, moz:platformVersion: 10.0, moz:processID: 22972, moz:profile: C:\Users\prasa\AppData\Loca..., moz:shutdownTimeout: 60000, moz:webdriverClick: true, moz:windowless: false, pageLoadStrategy: normal, platformName: windows, proxy: Proxy(), setWindowRect: true, strictFileInteractability: false, timeouts: {implicit: 0, pageLoad: 300000, script: 30000}, unhandledPromptBehavior: dismiss and notify, userAgent: Mozilla/5.0 (Windows NT 10....}
Session ID: af1905a6-e103-4ebe-8cf4-55fdaf02db58
at org.openqa.selenium.remote.ErrorCodec.decode(ErrorCodec.java:167)
at org.openqa.selenium.remote.codec.w3c.W3CHttpResponseCodec.decode(W3CHttpResponseCodec.java:138)
at org.openqa.selenium.remote.codec.w3c.W3CHttpResponseCodec.decode(W3CHttpResponseCodec.java:50)
at org.openqa.selenium.remote.HttpCommandExecutor.execute(HttpCommandExecutor.java:215)
at org.openqa.selenium.remote.service.DriverCommandExecutor.invokeExecute(DriverCommandExecutor.java:216)
at org.openqa.selenium.remote.service.DriverCommandExecutor.execute(DriverCommandExecutor.java:174)
at org.openqa.selenium.remote.RemoteWebDriver.execute(RemoteWebDriver.java:544)
at org.openqa.selenium.remote.ElementLocation$ElementFinder$2.findElement(ElementLocation.java:165)
at org.openqa.selenium.remote.ElementLocation.findElement(ElementLocation.java:59)
at org.openqa.selenium.remote.RemoteWebDriver.findElement(RemoteWebDriver.java:367)
at org.openqa.selenium.remote.RemoteWebDriver.findElement(RemoteWebDriver.java:361)
at nn.dsalgo.pages.RegisterPage.getNewAccountAlertmsg(RegisterPage.java:156)
at nn.dsalgo.tests.RegisterTest.RegisterScenarios(RegisterTest.java:74)
at java.base/java.util.ArrayList.forEach(ArrayList.java:1596)
at java.base/java.util.concurrent.FutureTask.run(FutureTask.java:317)
at java.base/java.util.concurrent.ThreadPoolExecutor.runWorker(ThreadPoolExecutor.java:1144)
at java.base/java.util.concurrent.ThreadPoolExecutor$Worker.run(ThreadPoolExecutor.java:642)
at java.base/java.lang.Thread.run(Thread.java:1583)
... Removed 18 stack frames]]>
    </failure>
  </testcase> <!-- RegisterScenarios -->
  <testcase classname="nn.dsalgo.tests.RegisterTest" name="RegisterScenarios" time="1.894">
    <skipped/>
  </testcase> <!-- RegisterScenarios -->
  <testcase classname="nn.dsalgo.tests.RegisterTest" name="RegisterScenarios" time="1.716">
    <skipped/>
  </testcase> <!-- RegisterScenarios -->
  <testcase classname="nn.dsalgo.tests.RegisterTest" name="RegisterScenarios" time="1.835">
    <failure type="java.lang.AssertionError" message="Username is not valid expected [Username is not valid] but found [password_mismatch:The two password fields didn’t match.]">
      <![CDATA[java.lang.AssertionError: Username is not valid expected [Username is not valid] but found [password_mismatch:The two password fields didn’t match.]
at nn.dsalgo.tests.RegisterTest.RegisterScenarios(RegisterTest.java:81)
at java.base/java.util.ArrayList.forEach(ArrayList.java:1596)
at java.base/java.util.concurrent.FutureTask.run(FutureTask.java:317)
at java.base/java.util.concurrent.ThreadPoolExecutor.runWorker(ThreadPoolExecutor.java:1144)
at java.base/java.util.concurrent.ThreadPoolExecutor$Worker.run(ThreadPoolExecutor.java:642)
at java.base/java.lang.Thread.run(Thread.java:1583)
... Removed 20 stack frames]]>
    </failure>
  </testcase> <!-- RegisterScenarios -->
  <testcase classname="nn.dsalgo.tests.RegisterTest" name="RegisterScenarios" time="2.132">
    <skipped/>
  </testcase> <!-- RegisterScenarios -->
  <testcase classname="nn.dsalgo.tests.RegisterTest" name="RegisterScenarios" time="1.532">
    <skipped/>
  </testcase> <!-- RegisterScenarios -->
  <testcase classname="nn.dsalgo.tests.RegisterTest" name="RegisterScenarios" time="1.955">
    <failure type="java.lang.AssertionError" message="Your password can’t be entirely numeric. expected [Your password can’t be entirely numeric.] but found [password_mismatch:The two password fields didn’t match.]">
      <![CDATA[java.lang.AssertionError: Your password can’t be entirely numeric. expected [Your password can’t be entirely numeric.] but found [password_mismatch:The two password fields didn’t match.]
at nn.dsalgo.tests.RegisterTest.RegisterScenarios(RegisterTest.java:87)
at java.base/java.util.ArrayList.forEach(ArrayList.java:1596)
at java.base/java.util.concurrent.FutureTask.run(FutureTask.java:317)
at java.base/java.util.concurrent.ThreadPoolExecutor.runWorker(ThreadPoolExecutor.java:1144)
at java.base/java.util.concurrent.ThreadPoolExecutor$Worker.run(ThreadPoolExecutor.java:642)
at java.base/java.lang.Thread.run(Thread.java:1583)
... Removed 20 stack frames]]>
    </failure>
  </testcase> <!-- RegisterScenarios -->
  <testcase classname="nn.dsalgo.tests.RegisterTest" name="getRegisterPage" time="0.984"/>
  <testcase classname="nn.dsalgo.tests.StackTest" name="getStackpage" time="1.993"/>
  <testcase classname="nn.dsalgo.tests.StackTest" name="NavigatePracticeQuestion" time="3.273"/>
  <testcase classname="nn.dsalgo.tests.StackTest" name="NavigatePracticeQuestion" time="3.113"/>
  <testcase classname="nn.dsalgo.tests.StackTest" name="NavigatePracticeQuestion" time="2.798"/>
  <testcase classname="nn.dsalgo.tests.StackTest" name="NavigatetoStackTopics" time="2.75"/>
  <testcase classname="nn.dsalgo.tests.StackTest" name="NavigatetoStackTopics" time="2.313"/>
  <testcase classname="nn.dsalgo.tests.StackTest" name="NavigatetoStackTopics" time="2.077"/>
  <testcase classname="nn.dsalgo.tests.StackTest" name="NavigatetoTryEditor" time="3.897"/>
  <testcase classname="nn.dsalgo.tests.StackTest" name="NavigatetoTryEditor" time="3.13"/>
  <testcase classname="nn.dsalgo.tests.StackTest" name="NavigatetoTryEditor" time="3.221"/>
  <testcase classname="nn.dsalgo.tests.StackTest" name="PracticeQuestionBrokenLink" time="2.297"/>
  <testcase classname="nn.dsalgo.tests.StackTest" name="PracticeQuestionBrokenLink" time="2.488"/>
  <testcase classname="nn.dsalgo.tests.StackTest" name="PracticeQuestionBrokenLink" time="2.775"/>
  <testcase classname="nn.dsalgo.tests.StackTest" name="getInValidPythonCode" time="3.295"/>
  <testcase classname="nn.dsalgo.tests.StackTest" name="getInValidPythonCode" time="3.285"/>
  <testcase classname="nn.dsalgo.tests.StackTest" name="getInValidPythonCode" time="3.964"/>
  <testcase classname="nn.dsalgo.tests.StackTest" name="getValidPythonCode" time="4.061"/>
  <testcase classname="nn.dsalgo.tests.StackTest" name="getValidPythonCode" time="3.55"/>
  <testcase classname="nn.dsalgo.tests.StackTest" name="getValidPythonCode" time="3.099"/>
</testsuite> <!-- FirefoxTest -->
